  Merchant Inventory.cpp
C:\VS Projects\Merchant Inventory\Merchant Inventory.cpp(13,1): error C2447: '{': missing function header (old-style formal list?)
C:\VS Projects\Merchant Inventory\Merchant Inventory.cpp(85,3): error C2146: syntax error: missing ';' before identifier 'isSoldOut'
C:\VS Projects\Merchant Inventory\Merchant Inventory.cpp(87,3): error C2144: syntax error: 'int' should be preceded by ';'
C:\VS Projects\Merchant Inventory\Merchant Inventory.cpp(89,4): error C2144: syntax error: 'char' should be preceded by ';'
C:\VS Projects\Merchant Inventory\Merchant Inventory.cpp(89,15): error C2065: 'b': undeclared identifier
C:\VS Projects\Merchant Inventory\Merchant Inventory.cpp(90,3): error C2144: syntax error: 'char' should be preceded by ';'
C:\VS Projects\Merchant Inventory\Merchant Inventory.cpp(90,15): error C2065: 's': undeclared identifier
C:\VS Projects\Merchant Inventory\Merchant Inventory.cpp(91,3): error C2144: syntax error: 'char' should be preceded by ';'
C:\VS Projects\Merchant Inventory\Merchant Inventory.cpp(91,16): error C2065: 'l': undeclared identifier
C:\VS Projects\Merchant Inventory\Merchant Inventory.cpp(99,3): error C2143: syntax error: missing ';' before 'while'
C:\VS Projects\Merchant Inventory\Merchant Inventory.cpp(99,10): error C2065: 'window': undeclared identifier
C:\VS Projects\Merchant Inventory\Merchant Inventory.cpp(99,18): error C2065: 'isOpen': undeclared identifier
C:\VS Projects\Merchant Inventory\Merchant Inventory.cpp(104,11): error C2065: 'Keyboard': undeclared identifier
C:\VS Projects\Merchant Inventory\Merchant Inventory.cpp(105,3): error C2143: syntax error: missing ';' before '}'
C:\VS Projects\Merchant Inventory\Merchant Inventory.cpp(107,7): error C2653: 'Keyboard': is not a class or namespace name
C:\VS Projects\Merchant Inventory\Merchant Inventory.cpp(107,30): error C2653: 'Keyboard': is not a class or namespace name
C:\VS Projects\Merchant Inventory\Merchant Inventory.cpp(107,40): error C2065: 'esc': undeclared identifier
C:\VS Projects\Merchant Inventory\Merchant Inventory.cpp(107,17): error C3861: 'isKeyPressed': identifier not found
C:\VS Projects\Merchant Inventory\Merchant Inventory.cpp(109,4): error C2065: 'window': undeclared identifier
C:\VS Projects\Merchant Inventory\Merchant Inventory.cpp(110,3): error C2143: syntax error: missing ';' before '}'
C:\VS Projects\Merchant Inventory\Merchant Inventory.cpp(112,9): error C2653: 'Keyboard': is not a class or namespace name
C:\VS Projects\Merchant Inventory\Merchant Inventory.cpp(112,32): error C2653: 'Keyboard': is not a class or namespace name
C:\VS Projects\Merchant Inventory\Merchant Inventory.cpp(112,42): error C2065: 'b': undeclared identifier
C:\VS Projects\Merchant Inventory\Merchant Inventory.cpp(112,19): error C3861: 'isKeyPressed': identifier not found
C:\VS Projects\Merchant Inventory\Merchant Inventory.cpp(114,54): error C2059: syntax error: ';'
C:\VS Projects\Merchant Inventory\Merchant Inventory.cpp(129,3): error C2059: syntax error: 'else'
C:\VS Projects\Merchant Inventory\Merchant Inventory.cpp(129,9): error C2653: 'Keyboard': is not a class or namespace name
C:\VS Projects\Merchant Inventory\Merchant Inventory.cpp(129,32): error C2653: 'Keyboard': is not a class or namespace name
C:\VS Projects\Merchant Inventory\Merchant Inventory.cpp(130,3): error C2143: syntax error: missing ';' before '{'
C:\VS Projects\Merchant Inventory\Merchant Inventory.cpp(130,3): error C2447: '{': missing function header (old-style formal list?)
C:\VS Projects\Merchant Inventory\Merchant Inventory.cpp(146,3): error C2059: syntax error: 'else'
C:\VS Projects\Merchant Inventory\Merchant Inventory.cpp(146,9): error C2653: 'Keyboard': is not a class or namespace name
C:\VS Projects\Merchant Inventory\Merchant Inventory.cpp(146,32): error C2653: 'Keyboard': is not a class or namespace name
C:\VS Projects\Merchant Inventory\Merchant Inventory.cpp(147,3): error C2143: syntax error: missing ';' before '{'
C:\VS Projects\Merchant Inventory\Merchant Inventory.cpp(147,3): error C2447: '{': missing function header (old-style formal list?)
C:\VS Projects\Merchant Inventory\Merchant Inventory.cpp(158,3): error C2059: syntax error: 'return'
C:\VS Projects\Merchant Inventory\Merchant Inventory.cpp(204,2): error C2059: syntax error: '}'
C:\VS Projects\Merchant Inventory\Merchant Inventory.cpp(204,2): error C2143: syntax error: missing ';' before '}'
